<?xml version="1.0" encoding="UTF-8"?>
<!-- Generated by org.testng.reporters.JUnitReportReporter -->
<testsuite hostname="DESKTOP-6LF5DDH" failures="0" tests="2" name="testngdiscussion.ParameterTest" time="4.756" errors="0" timestamp="2021-09-05T17:42:19 IST" skipped="0">
  <testcase classname="testngdiscussion.ParameterTest" name="browserSelection" time="4.750"/>
  <system-out/>
  <testcase classname="testngdiscussion.ParameterTest" name="buildInfo" time="0.006"/>
  <system-out/>
</testsuite> <!-- testngdiscussion.ParameterTest -->
