<?xml version="1.0" encoding="UTF-8"?>
<!-- Generated by org.testng.reporters.JUnitReportReporter -->
<testsuite hostname="DESKTOP-6LF5DDH" failures="0" tests="2" name="testngdiscussion.InclusionAndExclusionOfMethod" time="0.008" errors="0" timestamp="2021-09-02T19:25:39 IST" skipped="0">
  <testcase classname="testngdiscussion.InclusionAndExclusionOfMethod" name="testCase2" time="0.006"/>
  <system-out/>
  <testcase classname="testngdiscussion.InclusionAndExclusionOfMethod" name="testCase3" time="0.002"/>
  <system-out/>
</testsuite> <!-- testngdiscussion.InclusionAndExclusionOfMethod -->
