<?xml version="1.0" encoding="UTF-8"?>
<!-- Generated by org.testng.reporters.JUnitReportReporter -->
<testsuite hostname="DESKTOP-6LF5DDH" failures="0" tests="1" name="testngdiscussion.ParallerTesting2" time="32.328" errors="0" timestamp="2021-09-05T18:29:46 IST" skipped="0">
  <testcase classname="testngdiscussion.ParallerTesting2" name="browserSelection4" time="32.328"/>
  <system-out/>
</testsuite> <!-- testngdiscussion.ParallerTesting2 -->
