<?xml version="1.0" encoding="UTF-8"?>
<!-- Generated by org.testng.reporters.JUnitReportReporter -->
<testsuite hostname="DESKTOP-6LF5DDH" failures="0" tests="2" name="testngdiscussion.Testcase2" time="0.004" errors="0" timestamp="2021-08-29T22:33:21 IST" skipped="0">
  <testcase classname="testngdiscussion.Testcase2" name="login_2" time="0.002"/>
  <system-out>
    <![CDATA[login method from test case class 2]]>
  </system-out>
  <testcase classname="testngdiscussion.Testcase2" name="dashBoard_2" time="0.002"/>
  <system-out>
    <![CDATA[dashBoard method from test case class 2 ]]>
  </system-out>
</testsuite> <!-- testngdiscussion.Testcase2 -->
