<?xml version="1.0" encoding="UTF-8"?>
<!-- Generated by org.testng.reporters.JUnitReportReporter -->
<testsuite hostname="DESKTOP-6LF5DDH" failures="0" tests="3" name="testngdiscussion.ParallerTesting" time="88.877" errors="0" timestamp="2021-09-05T18:29:46 IST" skipped="0">
  <testcase classname="testngdiscussion.ParallerTesting" name="browserSelection3" time="43.128"/>
  <system-out/>
  <testcase classname="testngdiscussion.ParallerTesting" name="browserSelection" time="30.464"/>
  <system-out/>
  <testcase classname="testngdiscussion.ParallerTesting" name="browserSelection2" time="15.285"/>
  <system-out/>
</testsuite> <!-- testngdiscussion.ParallerTesting -->
