<?xml version="1.0" encoding="UTF-8"?>
<!-- Generated by org.testng.reporters.JUnitReportReporter -->
<testsuite hostname="DESKTOP-6LF5DDH" failures="0" tests="1" name="testngdiscussion.LoginToZ_Kite" time="9.420" errors="0" timestamp="2021-09-05T21:43:59 IST" skipped="0">
  <testcase classname="testngdiscussion.LoginToZ_Kite" name="zerodhaLogin" time="9.420"/>
  <system-out/>
</testsuite> <!-- testngdiscussion.LoginToZ_Kite -->
