<?xml version="1.0" encoding="UTF-8"?>
<!-- Generated by org.testng.reporters.JUnitReportReporter -->
<testsuite hostname="DESKTOP-6LF5DDH" failures="0" tests="5" name="testngdiscussion.InvocationCount" time="0.022" errors="0" timestamp="2021-08-31T20:22:39 IST" skipped="1">
  <testcase classname="testngdiscussion.InvocationCount" name="testcase" time="0.002"/>
  <system-out/>
  <testcase classname="testngdiscussion.InvocationCount" name="testcase" time="0.014"/>
  <system-out/>
  <testcase classname="testngdiscussion.InvocationCount" name="testcase" time="0.003"/>
  <system-out/>
  <testcase classname="testngdiscussion.InvocationCount" name="testcase" time="0.003"/>
  <system-out/>
  <testcase classname="testngdiscussion.InvocationCount" name="testcase2">
    <skipped/>
  </testcase> <!-- testcase2 -->
  <system-out/>
</testsuite> <!-- testngdiscussion.InvocationCount -->
