<?xml version="1.0" encoding="UTF-8"?>
<!-- Generated by org.testng.reporters.JUnitReportReporter -->
<testsuite hostname="DESKTOP-6LF5DDH" failures="0" tests="1" name="testngdiscussion.SoftAssertion" time="10.991" errors="0" timestamp="2021-08-31T20:09:33 IST" skipped="0">
  <testcase classname="testngdiscussion.SoftAssertion" name="loginToApp" time="10.991"/>
  <system-out/>
</testsuite> <!-- testngdiscussion.SoftAssertion -->
