<?xml version="1.0" encoding="UTF-8"?>
<!-- Generated by org.testng.reporters.JUnitReportReporter -->
<testsuite hostname="DESKTOP-6LF5DDH" failures="0" tests="1" name="testngdiscussion.DependOnMethod2" time="0.002" errors="0" timestamp="2021-09-09T22:04:49 IST" skipped="0">
  <testcase classname="testngdiscussion.DependOnMethod2" name="holdings" time="0.002"/>
  <system-out/>
</testsuite> <!-- testngdiscussion.DependOnMethod2 -->
