<?xml version="1.0" encoding="UTF-8"?>
<!-- Generated by org.testng.reporters.JUnitReportReporter -->
<testsuite hostname="DESKTOP-6LF5DDH" failures="0" tests="10" name="testngdiscussion.DataProviderTest" time="0.058" errors="0" timestamp="2021-09-09T22:32:08 IST" skipped="0">
  <testcase classname="testngdiscussion.DataProviderTest" name="testCase" time="0.004"/>
  <system-out/>
  <testcase classname="testngdiscussion.DataProviderTest" name="testCase" time="0.002"/>
  <system-out/>
  <testcase classname="testngdiscussion.DataProviderTest" name="testCase" time="0.009"/>
  <system-out/>
  <testcase classname="testngdiscussion.DataProviderTest" name="testCase" time="0.001"/>
  <system-out/>
  <testcase classname="testngdiscussion.DataProviderTest" name="testCase" time="0.021"/>
  <system-out/>
  <testcase classname="testngdiscussion.DataProviderTest" name="testCase" time="0.004"/>
  <system-out/>
  <testcase classname="testngdiscussion.DataProviderTest" name="testCase" time="0.001"/>
  <system-out/>
  <testcase classname="testngdiscussion.DataProviderTest" name="testCase" time="0.003"/>
  <system-out/>
  <testcase classname="testngdiscussion.DataProviderTest" name="testCase" time="0.002"/>
  <system-out/>
  <testcase classname="testngdiscussion.DataProviderTest" name="testCase" time="0.011"/>
  <system-out/>
</testsuite> <!-- testngdiscussion.DataProviderTest -->
