<?xml version="1.0" encoding="UTF-8"?>
<!-- Generated by org.testng.reporters.JUnitReportReporter -->
<testsuite hostname="DESKTOP-6LF5DDH" failures="0" tests="1" name="testngdiscussion.ParallerBrowser" time="35.384" errors="0" timestamp="2021-09-05T22:26:54 IST" skipped="0">
  <testcase classname="testngdiscussion.ParallerBrowser" name="orangeHrmLogin" time="35.384"/>
  <system-out/>
</testsuite> <!-- testngdiscussion.ParallerBrowser -->
