<?xml version="1.0" encoding="UTF-8"?>
<!-- Generated by org.testng.reporters.JUnitReportReporter -->
<testsuite hostname="DESKTOP-6LF5DDH" failures="0" tests="4" name="testngdiscussion.TestCase" time="0.021" errors="0" timestamp="2021-08-29T22:33:21 IST" skipped="0">
  <testcase classname="testngdiscussion.TestCase" name="login" time="0.009"/>
  <system-out>
    <![CDATA[login method massege]]>
  </system-out>
  <testcase classname="testngdiscussion.TestCase" name="dashBoard" time="0.002"/>
  <system-out>
    <![CDATA[dashBoard method massege ]]>
  </system-out>
  <testcase classname="testngdiscussion.TestCase" name="admin" time="0.004"/>
  <system-out>
    <![CDATA[admin method massege ]]>
  </system-out>
  <testcase classname="testngdiscussion.TestCase" name="profile" time="0.006"/>
  <system-out>
    <![CDATA[profile method massege]]>
  </system-out>
</testsuite> <!-- testngdiscussion.TestCase -->
