<?xml version="1.0" encoding="UTF-8"?>
<!-- Generated by org.testng.reporters.JUnitReportReporter -->
<testsuite hostname="DESKTOP-6LF5DDH" failures="0" tests="4" name="testngdiscussion.GroupingOfTestCase" time="0.014" errors="0" timestamp="2021-09-05T11:34:34 IST" skipped="0">
  <testcase classname="testngdiscussion.GroupingOfTestCase" name="logout" time="0.004"/>
  <system-out/>
  <testcase classname="testngdiscussion.GroupingOfTestCase" name="buy" time="0.006"/>
  <system-out/>
  <testcase classname="testngdiscussion.GroupingOfTestCase" name="dashboard" time="0.002"/>
  <system-out/>
  <testcase classname="testngdiscussion.GroupingOfTestCase" name="navToApp" time="0.002"/>
  <system-out/>
</testsuite> <!-- testngdiscussion.GroupingOfTestCase -->
