<?xml version="1.0" encoding="UTF-8"?>
<!-- Generated by org.testng.reporters.JUnitReportReporter -->
<testsuite hostname="DESKTOP-6LF5DDH" failures="0" tests="1" name="testcases.DashBoardTest" time="4.669" errors="0" timestamp="2021-09-06T16:59:22 IST" skipped="0">
  <testcase classname="testcases.DashBoardTest" name="checkOfBox" time="4.669"/>
  <system-out/>
</testsuite> <!-- testcases.DashBoardTest -->
