<?xml version="1.0" encoding="UTF-8"?>
<!-- Generated by org.testng.reporters.JUnitReportReporter -->
<testsuite hostname="DESKTOP-6LF5DDH" failures="0" tests="1" name="testngdiscussion.ParallerTestClasses1" time="9.614" errors="0" timestamp="2021-09-05T19:18:13 IST" skipped="0">
  <testcase classname="testngdiscussion.ParallerTestClasses1" name="browserSelection2" time="9.614"/>
  <system-out/>
</testsuite> <!-- testngdiscussion.ParallerTestClasses1 -->
