<?xml version="1.0" encoding="UTF-8"?>
<!-- Generated by org.testng.reporters.JUnitReportReporter -->
<testsuite hostname="DESKTOP-6LF5DDH" failures="0" tests="2" name="testcases.LoginTest" time="6.304" errors="0" timestamp="2021-09-06T16:59:22 IST" skipped="1">
  <testcase classname="testcases.LoginTest" name="login" time="6.304"/>
  <system-out/>
  <testcase classname="testcases.LoginTest" name="logout">
    <skipped/>
  </testcase> <!-- logout -->
  <system-out/>
</testsuite> <!-- testcases.LoginTest -->
