<?xml version="1.0" encoding="UTF-8"?>
<!-- Generated by org.testng.reporters.JUnitReportReporter -->
<testsuite hostname="DESKTOP-6LF5DDH" failures="0" tests="2" name="testngdiscussion.LoginToOrangHRM" time="25.347" errors="0" timestamp="2021-09-05T21:43:59 IST" skipped="0">
  <testcase classname="testngdiscussion.LoginToOrangHRM" name="orangeHrmLogin" time="23.057"/>
  <system-out/>
  <testcase classname="testngdiscussion.LoginToOrangHRM" name="logout" time="2.290"/>
  <system-out/>
</testsuite> <!-- testngdiscussion.LoginToOrangHRM -->
