<?xml version="1.0" encoding="UTF-8"?>
<!-- Generated by org.testng.reporters.JUnitReportReporter -->
<testsuite hostname="DESKTOP-6LF5DDH" failures="0" tests="1" name="testngdiscussion.AllAnnotation" time="0.009" errors="0" timestamp="2021-09-09T20:19:31 IST" skipped="0">
  <testcase classname="testngdiscussion.AllAnnotation" name="testCase" time="0.009"/>
  <system-out/>
</testsuite> <!-- testngdiscussion.AllAnnotation -->
